0 info it worked if it ends with ok
1 verbose cli [ 'C:\\Program Files\\nodejs\\\\node.exe',
1 verbose cli   'C:\\Program Files\\nodejs\\node_modules\\npm\\bin\\npm-cli.js',
1 verbose cli   'run',
1 verbose cli   'protractor' ]
2 info using npm@1.4.23
3 info using node@v0.10.31
4 verbose node symlink C:\Program Files\nodejs\\node.exe
5 verbose run-script [ 'preprotractor', 'protractor', 'postprotractor' ]
6 info preprotractor angular-phonecat@0.0.0
7 verbose unsafe-perm in lifecycle true
8 info angular-phonecat@0.0.0 Failed to exec preprotractor script
9 error angular-phonecat@0.0.0 preprotractor: `npm run update-webdriver`
9 error Exit status 1
10 error Failed at the angular-phonecat@0.0.0 preprotractor script.
10 error This is most likely a problem with the angular-phonecat package,
10 error not with npm itself.
10 error Tell the author that this fails on your system:
10 error     npm run update-webdriver
10 error You can get their info via:
10 error     npm owner ls angular-phonecat
10 error There is likely additional logging output above.
11 error System Windows_NT 6.2.9200
12 error command "C:\\Program Files\\nodejs\\\\node.exe" "C:\\Program Files\\nodejs\\node_modules\\npm\\bin\\npm-cli.js" "run" "protractor"
13 error cwd C:\Users\Winnie\Documents\GitHub\phonecat-repo
14 error node -v v0.10.31
15 error npm -v 1.4.23
16 error code ELIFECYCLE
17 verbose exit [ 1, true ]
